SF:lib/src/query_params.dart
DA:5,1
DA:6,2
DA:7,4
DA:12,1
DA:13,2
DA:18,1
DA:21,3
DA:22,2
DA:24,4
DA:27,1
DA:29,2
DA:30,3
DA:34,2
LF:13
LH:13
end_of_record
SF:lib/src/sync/publishtype.dart
DA:5,1
DA:7,1
DA:9,1
DA:11,1
DA:13,1
DA:15,1
DA:17,1
DA:19,1
LF:8
LH:8
end_of_record
SF:lib/src/sync/publishtype.g.dart
DA:11,0
DA:30,1
DA:38,1
DA:49,1
DA:50,1
DA:51,1
DA:52,1
DA:53,1
DA:54,1
DA:55,1
DA:56,1
DA:57,1
DA:58,1
DA:59,1
DA:60,1
DA:61,1
DA:62,1
DA:63,1
DA:64,1
DA:69,0
DA:77,0
DA:88,0
DA:89,0
DA:90,0
DA:91,0
DA:92,0
DA:93,0
DA:94,0
DA:95,0
DA:96,0
DA:97,0
DA:98,0
DA:99,0
DA:100,0
DA:101,0
DA:102,0
DA:103,0
DA:107,0
DA:116,0
DA:121,0
DA:122,0
DA:123,0
DA:125,0
DA:126,0
DA:128,0
DA:129,0
DA:131,0
DA:132,0
DA:134,0
DA:135,0
DA:137,0
DA:138,0
DA:140,0
DA:141,0
DA:143,0
DA:145,0
DA:148,0
DA:157,0
DA:162,0
DA:163,0
DA:164,0
DA:166,0
DA:167,0
DA:169,0
DA:170,0
DA:172,0
DA:173,0
DA:175,0
DA:176,0
DA:178,0
DA:179,0
DA:181,0
DA:182,0
DA:184,0
DA:186,0
DA:190,0
DA:198,0
DA:209,0
DA:210,0
DA:211,0
DA:213,0
DA:214,0
DA:216,0
DA:217,0
DA:219,0
DA:220,0
DA:222,0
DA:223,0
DA:225,0
DA:226,0
DA:228,0
DA:229,0
DA:231,0
DA:235,0
DA:241,0
DA:243,1
DA:253,0
DA:255,1
DA:265,0
DA:267,1
DA:277,0
DA:279,1
DA:289,0
DA:291,1
DA:301,0
DA:303,1
DA:313,0
DA:315,1
LF:108
LH:25
end_of_record
SF:lib/src/asset.dart
DA:29,1
DA:30,5
DA:31,5
DA:39,1
DA:40,2
DA:45,0
DA:46,0
DA:47,0
DA:57,1
DA:58,3
DA:65,1
DA:66,2
DA:71,1
DA:72,3
DA:73,8
DA:74,2
LF:16
LH:13
end_of_record
SF:lib/src/contenttype.dart
DA:21,1
DA:22,5
DA:23,3
DA:24,6
DA:43,1
DA:44,3
DA:57,1
DA:58,2
DA:74,1
DA:75,1
DA:76,1
DA:78,1
DA:79,2
DA:81,6
DA:82,2
LF:15
LH:15
end_of_record
SF:lib/src/contenttype_query.dart
DA:12,1
DA:13,5
DA:14,5
DA:27,1
DA:28,2
DA:32,0
DA:33,0
DA:45,1
DA:46,1
DA:47,2
DA:49,6
DA:50,2
LF:12
LH:10
end_of_record
SF:lib/src/entry.dart
DA:20,1
DA:21,5
DA:22,3
DA:23,1
DA:24,5
DA:34,1
DA:35,3
DA:57,1
DA:58,1
DA:59,0
DA:61,8
DA:62,2
LF:12
LH:11
end_of_record
SF:lib/src/error/error.dart
DA:11,1
DA:12,2
DA:13,2
LF:3
LH:3
end_of_record
SF:lib/src/error/error.g.dart
DA:9,1
DA:10,1
DA:11,1
DA:12,1
DA:13,2
DA:16,2
DA:17,1
DA:18,1
DA:19,1
LF:9
LH:9
end_of_record
SF:lib/src/image_transform.dart
DA:17,1
DA:30,1
DA:32,2
DA:35,2
DA:52,1
DA:53,3
DA:68,1
DA:69,2
DA:70,2
DA:71,1
DA:72,2
DA:73,1
DA:74,2
DA:75,1
DA:76,2
DA:77,1
DA:78,2
DA:79,1
DA:80,2
DA:81,1
DA:82,2
DA:102,1
DA:105,3
DA:108,3
DA:111,2
DA:115,1
DA:118,2
DA:151,1
DA:154,1
DA:156,1
DA:159,1
DA:162,0
DA:165,0
DA:167,1
DA:168,2
DA:185,1
DA:187,3
DA:190,3
DA:194,2
DA:195,2
DA:196,1
DA:197,2
DA:217,1
DA:218,1
DA:220,1
DA:223,1
DA:226,1
DA:229,1
DA:231,1
DA:232,2
DA:250,1
DA:260,2
DA:261,2
DA:262,1
DA:263,2
DA:264,1
DA:265,2
DA:266,1
DA:267,2
DA:268,1
DA:269,2
DA:270,1
DA:271,2
DA:272,1
DA:273,2
DA:274,1
DA:275,2
DA:296,1
DA:301,2
DA:304,2
DA:307,2
DA:310,2
DA:313,2
DA:332,1
DA:333,2
DA:343,1
DA:344,2
DA:358,1
DA:359,2
DA:374,1
DA:375,3
DA:391,1
DA:392,3
DA:405,1
DA:406,3
DA:420,1
DA:421,3
DA:435,1
DA:436,3
DA:453,1
DA:454,3
DA:470,1
DA:471,3
DA:488,1
DA:490,3
DA:493,3
DA:496,2
DA:497,2
DA:498,1
DA:499,2
DA:500,1
DA:501,2
DA:502,1
DA:503,2
DA:540,1
DA:541,2
DA:545,1
DA:546,3
DA:548,0
DA:550,4
DA:551,2
DA:552,2
DA:554,0
DA:558,1
DA:559,3
LF:115
LH:111
end_of_record
SF:lib/src/models/assetmodel.dart
DA:28,1
DA:43,1
DA:44,1
DA:45,0
LF:4
LH:3
end_of_record
SF:lib/src/models/assetmodel.g.dart
DA:9,1
DA:10,1
DA:11,1
DA:12,1
DA:13,1
DA:14,1
DA:15,1
DA:16,1
DA:17,1
DA:18,1
DA:19,1
DA:20,1
DA:21,1
DA:22,1
DA:23,1
DA:24,1
DA:28,0
DA:29,0
DA:30,0
DA:31,0
DA:32,0
DA:33,0
DA:34,0
DA:35,0
DA:36,0
DA:37,0
DA:38,0
DA:39,0
DA:40,0
DA:41,0
DA:42,0
DA:43,0
LF:32
LH:16
end_of_record
SF:lib/src/models/entrymodel.dart
DA:24,1
DA:37,1
DA:38,1
DA:39,0
LF:4
LH:3
end_of_record
SF:lib/src/models/entrymodel.g.dart
DA:9,1
DA:10,1
DA:11,1
DA:12,1
DA:13,1
DA:14,1
DA:15,1
DA:16,1
DA:17,1
DA:18,1
DA:19,1
DA:20,1
DA:21,1
DA:22,1
DA:26,0
DA:27,0
DA:28,0
DA:29,0
DA:30,0
DA:31,0
DA:32,0
DA:33,0
DA:34,0
DA:35,0
DA:36,0
DA:37,0
DA:38,0
DA:39,0
LF:28
LH:14
end_of_record
SF:lib/src/models/syncresult.dart
DA:15,1
DA:17,1
DA:18,1
DA:19,2
DA:28,0
DA:29,0
DA:30,0
DA:38,0
DA:39,0
DA:40,0
LF:10
LH:4
end_of_record
SF:lib/src/models/syncresult.g.dart
DA:9,1
DA:10,1
DA:11,1
DA:12,1
DA:13,1
DA:14,1
DA:15,1
DA:16,1
DA:20,1
DA:21,1
DA:22,1
DA:23,1
DA:24,1
DA:25,1
DA:26,1
DA:27,1
DA:30,0
DA:31,0
DA:32,0
DA:33,0
DA:34,0
DA:35,0
DA:39,0
DA:40,0
DA:41,0
DA:42,0
DA:43,0
DA:46,0
DA:47,0
DA:48,0
DA:49,0
DA:50,0
DA:54,0
DA:55,0
DA:56,0
DA:57,0
LF:36
LH:16
end_of_record
SF:lib/src/query.dart
DA:14,1
DA:15,5
DA:16,1
DA:17,5
DA:20,1
DA:21,3
DA:22,2
DA:23,3
DA:24,1
DA:26,1
DA:29,1
DA:30,1
DA:31,7
DA:32,2
DA:45,1
DA:46,2
DA:47,3
DA:60,1
DA:61,3
DA:62,3
DA:89,1
DA:90,1
DA:91,2
DA:92,5
DA:93,1
DA:94,3
DA:95,2
DA:157,1
DA:158,2
DA:160,1
DA:161,1
DA:162,1
DA:163,2
DA:164,2
DA:166,2
DA:168,1
DA:170,1
DA:171,1
DA:172,1
DA:173,2
DA:174,2
DA:176,2
LF:42
LH:42
end_of_record
SF:lib/src/stack.dart
DA:44,1
DA:49,1
DA:51,1
DA:53,1
DA:55,4
DA:56,1
DA:59,4
DA:60,1
DA:63,4
DA:64,1
DA:67,2
DA:68,1
DA:69,1
DA:70,1
DA:73,3
DA:86,1
DA:87,2
DA:101,1
DA:102,2
DA:116,1
DA:117,2
DA:125,1
DA:127,2
DA:128,2
DA:134,1
DA:136,0
DA:138,2
DA:142,2
DA:145,2
DA:148,2
DA:151,2
DA:154,2
DA:170,1
DA:171,2
DA:187,1
DA:188,4
DA:189,2
DA:212,1
DA:217,1
DA:218,1
DA:219,0
DA:220,0
DA:222,1
DA:223,1
DA:225,1
DA:226,1
DA:229,2
DA:230,1
DA:231,1
DA:232,1
DA:233,1
DA:234,1
DA:235,1
DA:236,1
DA:237,1
DA:238,1
DA:239,1
DA:240,1
DA:241,1
DA:242,1
DA:245,1
DA:248,1
DA:249,4
DA:250,4
DA:251,2
DA:262,0
DA:263,0
DA:264,0
DA:265,0
DA:267,0
DA:277,1
DA:278,1
DA:279,1
DA:280,1
DA:282,1
DA:286,3
LF:76
LH:68
end_of_record
SF:lib/client.dart
DA:13,1
DA:15,1
DA:16,1
DA:19,1
DA:28,1
DA:33,2
DA:36,1
DA:37,3
DA:38,2
DA:39,2
DA:40,3
DA:43,2
DA:44,0
DA:45,0
DA:46,0
DA:47,0
DA:52,2
DA:53,1
DA:59,0
DA:60,0
DA:64,0
DA:65,0
DA:66,0
DA:67,0
DA:68,0
DA:69,0
DA:70,0
DA:71,0
DA:72,0
DA:74,0
DA:78,0
DA:83,0
DA:85,0
DA:86,0
LF:34
LH:14
end_of_record
SF:lib/src/asset_query.dart
DA:19,1
DA:20,5
DA:21,5
DA:29,1
DA:30,2
DA:39,1
DA:40,3
DA:47,1
DA:48,2
DA:54,1
DA:55,2
DA:58,0
DA:59,0
DA:63,1
DA:64,7
DA:65,2
LF:16
LH:14
end_of_record
SF:lib/src/image/filter.g.dart
DA:11,0
DA:24,1
DA:29,1
DA:37,1
DA:38,1
DA:39,1
DA:40,1
DA:41,1
DA:42,1
DA:43,1
DA:44,1
DA:45,1
DA:46,1
DA:51,0
DA:56,0
DA:64,0
DA:65,0
DA:66,0
DA:67,0
DA:68,0
DA:69,0
DA:70,0
DA:71,0
DA:72,0
DA:73,0
DA:77,0
DA:83,0
DA:88,0
DA:89,0
DA:90,0
DA:92,0
DA:93,0
DA:95,0
DA:96,0
DA:98,0
DA:99,0
DA:101,0
DA:103,0
DA:106,0
DA:112,0
DA:117,0
DA:118,0
DA:119,0
DA:121,0
DA:122,0
DA:124,0
DA:125,0
DA:127,0
DA:128,0
DA:130,0
DA:132,0
DA:136,0
DA:141,0
DA:149,0
DA:150,0
DA:151,0
DA:153,0
DA:154,0
DA:156,0
DA:157,0
DA:159,0
DA:160,0
DA:162,0
DA:166,0
DA:172,0
DA:174,1
DA:184,0
DA:186,1
DA:196,0
DA:198,1
DA:208,0
DA:210,1
LF:72
LH:16
end_of_record
SF:lib/src/image/filter.dart
DA:5,1
DA:8,1
DA:10,1
DA:12,1
DA:14,1
LF:5
LH:5
end_of_record
SF:lib/src/image/fit.g.dart
DA:11,0
DA:20,1
DA:22,1
DA:27,1
DA:28,1
DA:29,1
DA:30,1
DA:31,1
DA:32,1
DA:37,0
DA:40,0
DA:45,0
DA:46,0
DA:47,0
DA:48,0
DA:49,0
DA:50,0
DA:54,0
DA:58,0
DA:63,0
DA:64,0
DA:65,0
DA:67,0
DA:68,0
DA:70,0
DA:72,0
DA:75,0
DA:79,0
DA:84,0
DA:85,0
DA:86,0
DA:88,0
DA:89,0
DA:91,0
DA:93,0
DA:97,0
DA:100,0
DA:105,0
DA:106,0
DA:107,0
DA:109,0
DA:110,0
DA:112,0
DA:116,0
DA:122,0
DA:124,1
DA:134,0
DA:136,1
LF:48
LH:10
end_of_record
SF:lib/src/image/fit.dart
DA:5,1
DA:8,1
DA:10,1
LF:3
LH:3
end_of_record
SF:lib/src/image/format.g.dart
DA:11,0
DA:30,1
DA:38,1
DA:49,1
DA:50,1
DA:51,1
DA:52,1
DA:53,1
DA:54,1
DA:55,1
DA:56,1
DA:57,1
DA:58,1
DA:59,1
DA:60,1
DA:61,1
DA:62,1
DA:63,1
DA:64,1
DA:69,0
DA:77,0
DA:88,0
DA:89,0
DA:90,0
DA:91,0
DA:92,0
DA:93,0
DA:94,0
DA:95,0
DA:96,0
DA:97,0
DA:98,0
DA:99,0
DA:100,0
DA:101,0
DA:102,0
DA:103,0
DA:107,0
DA:116,0
DA:121,0
DA:122,0
DA:123,0
DA:125,0
DA:126,0
DA:128,0
DA:129,0
DA:131,0
DA:132,0
DA:134,0
DA:135,0
DA:137,0
DA:138,0
DA:140,0
DA:141,0
DA:143,0
DA:145,0
DA:148,0
DA:157,0
DA:162,0
DA:163,0
DA:164,0
DA:166,0
DA:167,0
DA:169,0
DA:170,0
DA:172,0
DA:173,0
DA:175,0
DA:176,0
DA:178,0
DA:179,0
DA:181,0
DA:182,0
DA:184,0
DA:186,0
DA:190,0
DA:198,0
DA:209,0
DA:210,0
DA:211,0
DA:213,0
DA:214,0
DA:216,0
DA:217,0
DA:219,0
DA:220,0
DA:222,0
DA:223,0
DA:225,0
DA:226,0
DA:228,0
DA:229,0
DA:231,0
DA:235,0
DA:241,0
DA:243,1
DA:253,0
DA:255,1
DA:265,0
DA:267,1
DA:277,0
DA:279,1
DA:289,0
DA:291,1
DA:301,0
DA:303,1
DA:313,0
DA:315,1
LF:108
LH:25
end_of_record
SF:lib/src/image/format.dart
DA:5,1
DA:7,1
DA:9,1
DA:11,1
DA:13,1
DA:15,1
DA:17,1
DA:19,1
LF:8
LH:8
end_of_record
SF:lib/src/image/orientation.g.dart
DA:11,0
DA:34,1
DA:53,1
DA:65,1
DA:66,1
DA:67,1
DA:68,1
DA:69,1
DA:70,1
DA:71,1
DA:72,1
DA:73,1
DA:74,1
DA:75,1
DA:76,1
DA:78,1
DA:79,1
DA:80,1
DA:81,1
DA:83,1
DA:84,1
DA:89,0
DA:109,0
DA:121,0
DA:122,0
DA:123,0
DA:124,0
DA:125,0
DA:126,0
DA:127,0
DA:128,0
DA:129,0
DA:130,0
DA:131,0
DA:132,0
DA:134,0
DA:135,0
DA:136,0
DA:137,0
DA:139,0
DA:140,0
DA:144,0
DA:156,0
DA:161,0
DA:162,0
DA:163,0
DA:165,0
DA:166,0
DA:168,0
DA:169,0
DA:171,0
DA:172,0
DA:174,0
DA:175,0
DA:177,0
DA:179,0
DA:181,0
DA:182,0
DA:184,0
DA:186,0
DA:188,0
DA:190,0
DA:193,0
DA:205,0
DA:210,0
DA:211,0
DA:212,0
DA:214,0
DA:215,0
DA:217,0
DA:218,0
DA:220,0
DA:221,0
DA:223,0
DA:224,0
DA:226,0
DA:228,0
DA:230,0
DA:231,0
DA:233,0
DA:235,0
DA:237,0
DA:239,0
DA:243,0
DA:255,0
DA:267,0
DA:268,0
DA:269,0
DA:271,0
DA:272,0
DA:274,0
DA:275,0
DA:277,0
DA:278,0
DA:280,0
DA:281,0
DA:283,0
DA:285,0
DA:287,0
DA:288,0
DA:290,0
DA:292,0
DA:294,0
DA:298,0
DA:304,0
DA:306,1
DA:316,0
DA:318,1
DA:328,0
DA:329,0
DA:331,1
DA:341,0
DA:343,1
DA:353,0
DA:354,0
DA:356,1
DA:366,0
DA:368,1
DA:378,0
DA:379,0
DA:381,1
DA:391,0
DA:393,1
LF:123
LH:28
end_of_record
SF:lib/src/image/orientation.dart
DA:5,1
DA:7,1
DA:9,1
DA:11,1
DA:13,1
DA:15,1
DA:17,1
DA:19,1
DA:21,1
LF:9
LH:9
end_of_record
SF:lib/src/base_query.dart
DA:12,1
DA:13,1
DA:14,2
DA:15,3
DA:16,1
DA:17,4
DA:18,1
DA:19,4
DA:20,1
DA:21,4
DA:22,1
DA:23,4
DA:24,1
DA:25,4
DA:26,1
DA:27,4
DA:28,1
DA:29,4
DA:30,1
DA:31,4
DA:32,1
DA:33,4
DA:51,1
DA:52,3
DA:66,1
DA:67,3
DA:81,1
DA:82,3
DA:96,1
DA:97,3
DA:110,1
DA:111,2
DA:112,3
DA:125,1
DA:126,1
DA:127,2
DA:128,2
DA:143,1
DA:144,2
DA:145,3
DA:158,1
DA:159,1
DA:160,2
DA:161,2
LF:44
LH:44
end_of_record
SF:lib/src/enums/operations.g.dart
DA:11,1
DA:39,1
DA:50,1
DA:64,1
DA:65,1
DA:66,1
DA:67,1
DA:68,1
DA:69,1
DA:70,1
DA:71,1
DA:72,1
DA:73,1
DA:74,1
DA:75,1
DA:76,1
DA:77,1
DA:78,1
DA:79,1
DA:80,1
DA:81,1
DA:82,1
DA:83,1
DA:84,1
DA:85,1
DA:90,0
DA:101,0
DA:115,0
DA:116,0
DA:117,0
DA:118,0
DA:119,0
DA:120,0
DA:121,0
DA:122,0
DA:123,0
DA:124,0
DA:125,0
DA:126,0
DA:127,0
DA:128,0
DA:129,0
DA:130,0
DA:131,0
DA:132,0
DA:133,0
DA:134,0
DA:135,0
DA:136,0
DA:140,0
DA:152,0
DA:157,0
DA:158,0
DA:159,0
DA:161,0
DA:162,0
DA:164,0
DA:165,0
DA:167,0
DA:168,0
DA:170,0
DA:171,0
DA:173,0
DA:174,0
DA:176,0
DA:177,0
DA:179,0
DA:180,0
DA:182,0
DA:183,0
DA:185,0
DA:186,0
DA:188,0
DA:190,0
DA:193,0
DA:205,0
DA:210,0
DA:211,0
DA:212,0
DA:214,0
DA:215,0
DA:217,0
DA:218,0
DA:220,0
DA:221,0
DA:223,0
DA:224,0
DA:226,0
DA:227,0
DA:229,0
DA:230,0
DA:232,0
DA:233,0
DA:235,0
DA:236,0
DA:238,0
DA:239,0
DA:241,0
DA:243,0
DA:247,0
DA:258,0
DA:272,0
DA:273,0
DA:274,0
DA:276,0
DA:277,0
DA:279,0
DA:280,0
DA:282,0
DA:283,0
DA:285,0
DA:286,0
DA:288,0
DA:289,0
DA:291,0
DA:292,0
DA:294,0
DA:295,0
DA:297,0
DA:298,0
DA:300,0
DA:301,0
DA:303,0
DA:307,0
DA:313,2
DA:317,0
DA:318,0
DA:319,0
DA:320,0
DA:325,2
DA:329,0
DA:330,0
DA:331,0
DA:332,0
DA:337,2
DA:341,0
DA:342,0
DA:343,0
DA:344,0
DA:349,2
DA:353,0
DA:354,0
DA:355,0
DA:356,0
DA:361,2
DA:365,0
DA:366,0
DA:367,0
DA:368,0
DA:373,1
DA:374,1
DA:378,0
DA:379,0
DA:380,0
DA:381,0
DA:386,1
DA:387,1
DA:391,0
DA:392,0
DA:393,0
DA:394,0
DA:399,1
DA:400,1
DA:404,0
DA:405,0
DA:406,0
DA:407,0
DA:412,2
DA:416,0
DA:417,0
DA:418,0
DA:419,0
DA:424,2
DA:428,0
DA:429,0
DA:430,0
DA:431,0
LF:177
LH:38
end_of_record
SF:lib/src/enums/operations.dart
DA:5,1
DA:7,1
DA:9,1
DA:11,1
DA:13,1
DA:15,1
DA:17,1
DA:19,1
DA:21,1
DA:23,1
DA:25,1
LF:11
LH:11
end_of_record
SF:lib/src/enums/operator.dart
DA:6,1
DA:8,1
DA:10,1
LF:3
LH:3
end_of_record
SF:lib/src/enums/operator.g.dart
DA:11,1
DA:20,1
DA:21,1
DA:26,1
DA:27,1
DA:28,1
DA:29,1
DA:30,1
DA:31,1
DA:36,0
DA:39,0
DA:44,0
DA:45,0
DA:46,0
DA:47,0
DA:48,0
DA:49,0
DA:53,0
DA:57,0
DA:62,0
DA:63,0
DA:64,0
DA:66,0
DA:67,0
DA:69,0
DA:71,0
DA:74,0
DA:78,0
DA:83,0
DA:84,0
DA:85,0
DA:87,0
DA:88,0
DA:90,0
DA:92,0
DA:96,0
DA:98,0
DA:103,0
DA:104,0
DA:105,0
DA:107,0
DA:108,0
DA:110,0
DA:114,0
DA:120,2
DA:124,0
DA:125,0
DA:126,0
DA:127,0
DA:132,2
DA:136,0
DA:137,0
DA:138,0
DA:139,0
LF:54
LH:11
end_of_record
SF:lib/src/enums/reference.g.dart
DA:11,1
DA:20,1
DA:23,1
DA:28,1
DA:29,1
DA:30,1
DA:31,1
DA:32,1
DA:33,1
DA:38,0
DA:41,0
DA:46,0
DA:47,0
DA:48,0
DA:49,0
DA:50,0
DA:51,0
DA:55,0
DA:59,0
DA:64,0
DA:65,0
DA:66,0
DA:68,0
DA:69,0
DA:71,0
DA:73,0
DA:76,0
DA:80,0
DA:85,0
DA:86,0
DA:87,0
DA:89,0
DA:90,0
DA:92,0
DA:94,0
DA:98,0
DA:101,0
DA:106,0
DA:107,0
DA:108,0
DA:110,0
DA:111,0
DA:113,0
DA:117,0
DA:123,2
DA:127,0
DA:128,0
DA:129,0
DA:130,0
DA:135,2
DA:139,0
DA:140,0
DA:141,0
DA:142,0
LF:54
LH:11
end_of_record
SF:lib/src/enums/reference.dart
DA:6,1
DA:8,1
DA:10,1
LF:3
LH:3
end_of_record
SF:lib/src/entry_queryable.dart
DA:15,1
DA:16,2
DA:29,1
DA:30,1
DA:31,1
DA:32,2
DA:33,1
DA:35,3
DA:50,1
DA:51,1
DA:52,1
DA:53,2
DA:54,1
DA:56,3
DA:94,1
DA:96,1
DA:97,1
DA:99,2
DA:100,1
DA:101,1
DA:102,2
DA:103,2
DA:104,1
DA:107,3
DA:108,1
DA:109,1
DA:110,1
DA:111,2
DA:112,2
DA:113,1
DA:116,1
DA:118,1
DA:119,3
DA:120,1
DA:121,1
DA:122,1
DA:123,2
DA:124,2
DA:125,1
DA:128,1
DA:130,1
DA:131,3
DA:135,2
DA:149,1
DA:150,2
DA:151,2
DA:163,1
DA:164,2
DA:179,1
DA:180,2
DA:181,3
LF:51
LH:51
end_of_record
SF:lib/src/enums/include.g.dart
DA:11,1
DA:22,1
DA:26,1
DA:31,1
DA:32,1
DA:33,1
DA:34,1
DA:35,1
DA:36,1
DA:37,1
DA:38,1
DA:43,0
DA:47,0
DA:52,0
DA:53,0
DA:54,0
DA:55,0
DA:56,0
DA:57,0
DA:58,0
DA:59,0
DA:63,0
DA:68,0
DA:73,0
DA:74,0
DA:75,0
DA:77,0
DA:78,0
DA:80,0
DA:81,0
DA:83,0
DA:85,0
DA:88,0
DA:93,0
DA:98,0
DA:99,0
DA:100,0
DA:102,0
DA:103,0
DA:105,0
DA:106,0
DA:108,0
DA:110,0
DA:114,0
DA:118,0
DA:123,0
DA:124,0
DA:125,0
DA:127,0
DA:128,0
DA:130,0
DA:131,0
DA:133,0
DA:137,0
DA:143,2
DA:147,0
DA:148,0
DA:149,0
DA:150,0
DA:155,2
DA:159,0
DA:160,0
DA:161,0
DA:162,0
DA:167,2
DA:171,0
DA:172,0
DA:173,0
DA:174,0
LF:69
LH:14
end_of_record
SF:lib/src/enums/include.dart
DA:5,1
DA:7,1
DA:9,1
DA:11,1
LF:4
LH:4
end_of_record
