SF:lib/src/query_params.dart
DA:6,1
DA:7,2
DA:8,4
DA:13,1
DA:14,2
DA:19,1
DA:22,3
DA:23,2
DA:25,4
DA:28,1
DA:30,2
DA:31,3
DA:35,2
LF:13
LH:13
end_of_record
SF:lib/src/sync/publishtype.dart
DA:5,1
DA:7,1
DA:9,1
DA:11,1
DA:13,1
DA:15,1
DA:17,1
DA:19,1
LF:8
LH:8
end_of_record
SF:lib/src/asset.dart
DA:26,1
DA:27,5
DA:28,5
DA:44,1
DA:45,2
DA:62,1
DA:63,3
DA:78,1
DA:79,2
DA:94,0
DA:95,0
DA:107,1
DA:108,3
DA:109,0
DA:112,8
DA:113,2
LF:16
LH:13
end_of_record
SF:lib/src/contenttype.dart
DA:19,1
DA:20,5
DA:21,3
DA:22,6
DA:43,1
DA:44,3
DA:60,1
DA:61,2
DA:80,1
DA:81,1
DA:82,1
DA:84,1
DA:85,2
DA:87,6
DA:88,2
LF:15
LH:15
end_of_record
SF:lib/src/contenttype_query.dart
DA:12,1
DA:13,5
DA:14,5
DA:29,1
DA:30,2
DA:43,1
DA:44,2
DA:59,1
DA:60,1
DA:61,2
DA:63,6
DA:64,2
LF:12
LH:12
end_of_record
SF:lib/src/entry.dart
DA:10,1
DA:11,5
DA:12,3
DA:13,1
DA:14,5
DA:24,1
DA:25,3
DA:47,1
DA:48,1
DA:49,0
DA:51,8
DA:52,2
LF:12
LH:11
end_of_record
SF:lib/src/error/error.dart
DA:13,1
DA:14,2
DA:15,2
LF:3
LH:3
end_of_record
SF:lib/src/image_transform.dart
DA:19,1
DA:36,1
DA:38,2
DA:41,2
DA:61,1
DA:62,3
DA:80,1
DA:81,2
DA:82,2
DA:83,1
DA:84,2
DA:85,1
DA:86,2
DA:87,1
DA:88,2
DA:89,1
DA:90,2
DA:91,1
DA:92,2
DA:93,1
DA:94,2
DA:117,1
DA:120,3
DA:123,3
DA:126,2
DA:130,1
DA:133,2
DA:172,1
DA:175,1
DA:177,1
DA:180,1
DA:183,0
DA:186,0
DA:188,1
DA:189,2
DA:209,1
DA:211,3
DA:214,3
DA:218,2
DA:219,2
DA:220,1
DA:221,2
DA:244,1
DA:245,1
DA:247,1
DA:250,1
DA:253,1
DA:256,1
DA:258,1
DA:259,2
DA:280,1
DA:290,2
DA:291,2
DA:292,1
DA:293,2
DA:294,1
DA:295,2
DA:296,1
DA:297,2
DA:298,1
DA:299,2
DA:300,1
DA:301,2
DA:302,1
DA:303,2
DA:304,1
DA:305,2
DA:328,1
DA:333,2
DA:336,2
DA:339,2
DA:342,2
DA:345,2
DA:367,1
DA:368,2
DA:382,1
DA:383,2
DA:401,1
DA:402,2
DA:420,1
DA:421,3
DA:440,1
DA:441,3
DA:457,1
DA:458,3
DA:475,1
DA:476,3
DA:494,1
DA:495,3
DA:515,1
DA:516,3
DA:535,1
DA:536,3
DA:556,1
DA:558,3
DA:561,3
DA:564,2
DA:565,2
DA:566,1
DA:567,2
DA:568,1
DA:569,2
DA:570,1
DA:571,2
DA:620,1
DA:621,2
DA:625,1
DA:626,3
DA:628,0
DA:630,4
DA:631,2
DA:632,0
DA:633,0
DA:634,0
DA:636,0
DA:639,2
DA:643,1
DA:644,3
LF:118
LH:111
end_of_record
SF:lib/src/models/assetmodel.dart
DA:29,1
DA:44,1
DA:45,1
DA:46,0
LF:4
LH:3
end_of_record
SF:lib/src/models/entrymodel.dart
DA:25,1
DA:38,1
DA:39,1
DA:40,0
LF:4
LH:3
end_of_record
SF:lib/src/models/syncresult.dart
DA:27,1
DA:29,1
DA:30,1
DA:31,0
DA:41,0
DA:42,0
DA:43,0
DA:52,0
DA:53,0
DA:54,0
LF:10
LH:3
end_of_record
SF:lib/src/query.dart
DA:17,1
DA:18,5
DA:19,1
DA:20,5
DA:23,1
DA:24,3
DA:25,2
DA:26,3
DA:27,1
DA:29,1
DA:32,1
DA:33,1
DA:34,6
DA:35,2
DA:52,1
DA:53,2
DA:54,3
DA:70,1
DA:71,3
DA:72,3
DA:101,1
DA:102,1
DA:103,2
DA:104,5
DA:105,1
DA:106,3
DA:107,2
DA:166,1
DA:167,2
DA:169,1
DA:170,1
DA:171,1
DA:172,2
DA:173,2
DA:175,2
DA:177,1
DA:179,1
DA:180,1
DA:181,1
DA:182,2
DA:183,2
DA:185,2
DA:204,1
DA:205,2
DA:225,1
DA:226,1
DA:227,1
DA:228,2
DA:229,1
DA:231,3
DA:249,1
DA:250,1
DA:251,1
DA:252,2
DA:253,1
DA:255,3
DA:299,1
DA:301,1
DA:302,1
DA:304,2
DA:305,1
DA:306,1
DA:307,2
DA:308,2
DA:309,1
DA:312,3
DA:313,1
DA:314,1
DA:315,1
DA:316,2
DA:317,2
DA:318,1
DA:321,1
DA:323,1
DA:324,3
DA:325,1
DA:326,1
DA:327,1
DA:328,2
DA:329,2
DA:330,1
DA:333,1
DA:335,1
DA:336,3
DA:339,2
DA:356,1
DA:357,2
DA:358,2
DA:372,1
DA:373,2
DA:390,1
DA:391,2
DA:392,3
DA:408,0
DA:409,0
LF:95
LH:93
end_of_record
SF:lib/src/stack.dart
DA:35,1
DA:40,1
DA:42,1
DA:44,1
DA:46,4
DA:47,1
DA:50,4
DA:51,1
DA:54,4
DA:55,1
DA:58,2
DA:59,1
DA:60,1
DA:61,1
DA:64,3
DA:80,1
DA:81,2
DA:98,1
DA:99,2
DA:116,1
DA:117,2
DA:130,1
DA:132,2
DA:133,2
DA:146,1
DA:147,2
DA:148,2
DA:159,2
DA:169,2
DA:179,2
DA:189,2
DA:199,2
DA:218,1
DA:219,2
DA:237,1
DA:238,4
DA:239,2
DA:265,1
DA:270,1
DA:271,1
DA:272,1
DA:273,1
DA:275,1
DA:276,1
DA:278,1
DA:279,1
DA:282,2
DA:283,1
DA:284,1
DA:285,1
DA:286,1
DA:287,1
DA:288,1
DA:289,1
DA:290,1
DA:291,1
DA:292,1
DA:293,1
DA:294,1
DA:295,1
DA:299,1
DA:302,1
DA:303,4
DA:304,4
DA:305,2
DA:316,1
DA:317,1
DA:318,1
DA:319,1
DA:321,1
DA:331,1
DA:332,1
DA:333,1
DA:334,1
DA:337,4
DA:338,4
DA:339,2
DA:348,3
LF:78
LH:78
end_of_record
SF:lib/client.dart
DA:12,1
DA:14,1
DA:15,1
DA:18,1
DA:20,1
DA:22,2
DA:25,1
DA:26,2
DA:27,2
DA:28,3
DA:31,2
DA:32,0
DA:33,0
DA:34,0
DA:35,0
DA:40,2
DA:41,2
DA:42,2
DA:43,2
DA:44,2
DA:45,2
DA:46,2
DA:47,2
DA:48,2
DA:49,2
DA:50,2
DA:51,1
DA:53,1
DA:60,0
DA:61,0
DA:71,1
DA:72,1
DA:73,1
DA:74,1
DA:75,1
DA:76,1
DA:77,1
DA:78,1
DA:79,1
DA:85,1
DA:90,1
DA:92,2
DA:93,2
LF:43
LH:37
end_of_record
SF:lib/src/asset_query.dart
DA:13,1
DA:14,5
DA:15,5
DA:32,1
DA:33,2
DA:51,1
DA:52,3
DA:67,1
DA:68,2
DA:82,1
DA:83,2
DA:102,1
DA:103,2
DA:118,0
DA:119,0
DA:130,1
DA:131,7
DA:132,2
LF:18
LH:16
end_of_record
SF:lib/src/image/filter.dart
DA:5,1
DA:8,1
DA:10,1
DA:12,1
DA:14,1
LF:5
LH:5
end_of_record
SF:lib/src/image/fit.dart
DA:5,1
DA:8,1
DA:10,1
LF:3
LH:3
end_of_record
SF:lib/src/image/format.dart
DA:5,1
DA:7,1
DA:9,1
DA:11,1
DA:13,1
DA:15,1
DA:17,1
DA:19,1
LF:8
LH:8
end_of_record
SF:lib/src/image/orientation.dart
DA:5,1
DA:7,1
DA:9,1
DA:11,1
DA:13,1
DA:15,1
DA:17,1
DA:19,1
DA:21,1
LF:9
LH:9
end_of_record
SF:lib/src/base_query.dart
DA:11,1
DA:12,1
DA:13,2
DA:14,3
DA:15,1
DA:16,4
DA:17,1
DA:18,4
DA:19,1
DA:20,4
DA:21,1
DA:22,4
DA:23,1
DA:24,4
DA:25,1
DA:26,4
DA:27,1
DA:28,4
DA:29,1
DA:30,4
DA:31,1
DA:32,4
DA:52,1
DA:53,3
DA:69,1
DA:70,3
DA:86,1
DA:87,3
DA:103,1
DA:104,3
DA:119,1
DA:120,2
DA:121,3
DA:136,1
DA:137,1
DA:138,2
DA:139,2
DA:156,1
DA:157,2
DA:158,3
DA:173,1
DA:174,1
DA:175,2
DA:176,2
LF:44
LH:44
end_of_record
SF:lib/src/enums/operations.dart
DA:5,1
DA:7,1
DA:9,1
DA:11,1
DA:13,1
DA:15,1
DA:17,1
DA:19,1
DA:21,1
DA:23,1
DA:25,1
LF:11
LH:11
end_of_record
SF:lib/src/enums/operator.dart
DA:6,1
DA:8,1
DA:10,1
LF:3
LH:3
end_of_record
SF:lib/src/enums/reference.dart
DA:6,1
DA:8,1
DA:10,1
LF:3
LH:3
end_of_record
SF:lib/src/enums/include.dart
DA:5,1
DA:7,1
DA:9,1
DA:11,1
LF:4
LH:4
end_of_record
SF:lib/src/entry_queryable.dart
DA:19,1
DA:20,2
DA:36,1
DA:37,1
DA:38,1
DA:39,2
DA:40,1
DA:42,3
DA:60,1
DA:61,1
DA:62,1
DA:63,2
DA:64,1
DA:66,3
DA:114,1
DA:116,1
DA:117,1
DA:119,2
DA:120,1
DA:121,1
DA:122,2
DA:123,2
DA:124,1
DA:127,3
DA:128,1
DA:129,1
DA:130,1
DA:131,2
DA:132,2
DA:133,1
DA:136,1
DA:138,1
DA:139,3
DA:140,1
DA:141,1
DA:142,1
DA:143,2
DA:144,2
DA:145,1
DA:148,1
DA:150,1
DA:151,3
DA:155,2
DA:171,1
DA:172,2
DA:173,2
DA:187,1
DA:188,2
DA:205,1
DA:206,2
DA:207,3
DA:219,0
DA:220,0
LF:53
LH:51
end_of_record